set_proof: Merkle
Initializing accumulators, circuits
Witness size: 41 (20 + 20 + 1)
Generating prover and verifier keys
Loading...
Generating proof
Constructing Set
Allocating Deletions...
Allocating Insertions...
Swapping elements
Verifying resulting digest
Proof generation successful? true
Verified? true
merkle,4,30,0.01831533,3.415064811,0.936415262,39.403037992,0.003074306,Pedersen
set_proof: Merkle
Initializing accumulators, circuits
Witness size: 81 (40 + 40 + 1)
Generating prover and verifier keys
Loading...
Generating proof
Constructing Set
Allocating Deletions...
Allocating Insertions...
Swapping elements
Verifying resulting digest
Proof generation successful? true
Verified? true
merkle,8,30,0.02514472,6.96812541,1.8598942250000001,73.760914344,0.003069744,Pedersen
set_proof: Merkle
Initializing accumulators, circuits
Witness size: 161 (80 + 80 + 1)
Generating prover and verifier keys
Loading...
Generating proof
Constructing Set
Allocating Deletions...
Allocating Insertions...
Swapping elements
Verifying resulting digest
Proof generation successful? true
Verified? true
merkle,16,30,0.039400499,13.966973327,3.725660334,142.907326472,0.003069245,Pedersen
set_proof: Merkle
Initializing accumulators, circuits
Witness size: 321 (160 + 160 + 1)
Generating prover and verifier keys
Loading...
Generating proof
Constructing Set
Allocating Deletions...
Allocating Insertions...
Swapping elements
Verifying resulting digest
Proof generation successful? true
Verified? true
merkle,32,30,0.067284708,27.90758178,7.392926488,282.92081705,0.003059439,Pedersen
set_proof: Merkle
Initializing accumulators, circuits
Witness size: 641 (320 + 320 + 1)
Generating prover and verifier keys
Loading...
set_proof: Merkle
Initializing accumulators, circuits
Witness size: 1281 (640 + 640 + 1)
Generating prover and verifier keys
Loading...
set_proof: Merkle
Initializing accumulators, circuits
Witness size: 41 (20 + 20 + 1)
Generating prover and verifier keys
Loading...
set_proof: Merkle
Initializing accumulators, circuits
Witness size: 81 (40 + 40 + 1)
Generating prover and verifier keys
Loading...
set_proof: Merkle
Initializing accumulators, circuits
Witness size: 161 (80 + 80 + 1)
Generating prover and verifier keys
Loading...
set_proof: Merkle
Initializing accumulators, circuits
Witness size: 321 (160 + 160 + 1)
Generating prover and verifier keys
Loading...
set_proof: Merkle
Initializing accumulators, circuits
Witness size: 641 (320 + 320 + 1)
Generating prover and verifier keys
Loading...
set_proof: Merkle
Initializing accumulators, circuits
Witness size: 1281 (640 + 640 + 1)
Generating prover and verifier keys
Loading...
set_proof: Merkle
Initializing accumulators, circuits
Witness size: 2561 (1280 + 1280 + 1)
Generating prover and verifier keys
Loading...
set_proof: Merkle
Initializing accumulators, circuits
Witness size: 5121 (2560 + 2560 + 1)
Generating prover and verifier keys
Loading...
set_proof: Merkle
Initializing accumulators, circuits
Witness size: 10241 (5120 + 5120 + 1)
Generating prover and verifier keys
Loading...
